<?xml version="1.0" encoding="UTF-8"?>
<!-- Generated by org.testng.reporters.JUnitXMLReporter -->
<testsuite ignored="0" hostname="DESKTOP-79P3643" failures="2" tests="2" name="Login Test" time="143.134" errors="0" timestamp="2025-09-28T19:55:15 IST">
  <testcase classname="com.bestbuy.test.LoginTest" name="loginToBestBuy" time="141.299">
    <failure type="java.lang.AssertionError" message="Logged-in name mismatch expected [true] but found [false]">
      <![CDATA[java.lang.AssertionError: Logged-in name mismatch expected [true] but found [false]
at com.bestbuy.test.LoginTest.loginToBestBuy(LoginTest.java:121)
at java.base/java.util.ArrayList.forEach(ArrayList.java:1511)
... Removed 30 stack frames]]>
    </failure>
  </testcase> <!-- loginToBestBuy -->
  <testcase classname="com.bestbuy.test.MenuNavigationTest" name="navigateAllMenus" time="0.0">
    <failure type="org.testng.TestNGException" message="
Cannot inject @Test annotated Method [navigateAllMenus] with [interface org.openqa.selenium.WebDriver, class com.bestbuy.base.BaseTest].
For more information on native dependency injection please refer to https://testng.org/doc/documentation-main.html#native-dependency-injection">
      <![CDATA[org.testng.TestNGException: 
Cannot inject @Test annotated Method [navigateAllMenus] with [interface org.openqa.selenium.WebDriver, class com.bestbuy.base.BaseTest].
For more information on native dependency injection please refer to https://testng.org/doc/documentation-main.html#native-dependency-injection
at java.base/java.util.ArrayList.forEach(ArrayList.java:1511)
... Removed 26 stack frames]]>
    </failure>
  </testcase> <!-- navigateAllMenus -->
</testsuite> <!-- Login Test -->
